-- Detected version of GNU GCC: 48 (408)
-- Could NOT find ZLIB (missing:  ZLIB_LIBRARY ZLIB_INCLUDE_DIR) (Required is at least version "1.2.3")
-- Could NOT find TIFF (missing:  TIFF_LIBRARY TIFF_INCLUDE_DIR) 
-- Could NOT find JPEG (missing:  JPEG_LIBRARY JPEG_INCLUDE_DIR) 
-- Could NOT find Jasper (missing:  JASPER_LIBRARIES JASPER_INCLUDE_DIR) 
-- Could NOT find ZLIB (missing:  ZLIB_INCLUDE_DIR) (found version "1.2.8")
-- Could NOT find PNG (missing:  PNG_LIBRARY PNG_PNG_INCLUDE_DIR) 
-- checking for module 'gtk+-3.0'
--   package 'gtk+-3.0' not found
-- checking for module 'gtk+-2.0'
--   package 'gtk+-2.0' not found
-- checking for module 'gthread-2.0'
--   package 'gthread-2.0' not found
-- checking for module 'gstreamer-base-1.0'
--   package 'gstreamer-base-1.0' not found
-- checking for module 'gstreamer-video-1.0'
--   package 'gstreamer-video-1.0' not found
-- checking for module 'gstreamer-app-1.0'
--   package 'gstreamer-app-1.0' not found
-- checking for module 'gstreamer-riff-1.0'
--   package 'gstreamer-riff-1.0' not found
-- checking for module 'gstreamer-pbutils-1.0'
--   package 'gstreamer-pbutils-1.0' not found
-- checking for module 'gstreamer-base-0.10'
--   package 'gstreamer-base-0.10' not found
-- checking for module 'gstreamer-video-0.10'
--   package 'gstreamer-video-0.10' not found
-- checking for module 'gstreamer-app-0.10'
--   package 'gstreamer-app-0.10' not found
-- checking for module 'gstreamer-riff-0.10'
--   package 'gstreamer-riff-0.10' not found
-- checking for module 'gstreamer-pbutils-0.10'
--   package 'gstreamer-pbutils-0.10' not found
-- checking for module 'libdc1394-2'
--   package 'libdc1394-2' not found
-- checking for module 'libdc1394'
--   package 'libdc1394' not found
-- checking for module 'libv4l1'
--   package 'libv4l1' not found
-- checking for module 'libv4l2'
--   package 'libv4l2' not found
-- Looking for linux/videodev.h
-- Looking for linux/videodev.h - not found
-- Looking for linux/videodev2.h
-- Looking for linux/videodev2.h - found
-- Looking for sys/videoio.h
-- Looking for sys/videoio.h - not found
-- checking for module 'libavcodec'
--   package 'libavcodec' not found
-- checking for module 'libavformat'
--   package 'libavformat' not found
-- checking for module 'libavutil'
--   package 'libavutil' not found
-- checking for module 'libswscale'
--   package 'libswscale' not found
-- checking for module 'libavresample'
--   package 'libavresample' not found
-- Looking for libavformat/avformat.h
-- Looking for libavformat/avformat.h - not found
-- Looking for ffmpeg/avformat.h
-- Looking for ffmpeg/avformat.h - not found
-- checking for module 'libgphoto2'
--   package 'libgphoto2' not found
-- found IPP (ICV version): 8.2.1 [8.2.1]
-- at: /mnt/hgfs/opencv/opencv/opencv-3.0.0/3rdparty/ippicv/unpack/ippicv_lnx
-- Could NOT find Doxygen (missing:  DOXYGEN_EXECUTABLE) 
-- To enable PlantUML support, set PLANTUML_JAR environment variable or pass -DPLANTUML_JAR=<filepath> option to cmake
-- Found PythonInterp: /usr/bin/python2.7 (found suitable version "2.7.6", minimum required is "2.7") 
-- Could NOT find PythonLibs (missing:  PYTHON_LIBRARIES PYTHON_INCLUDE_DIRS) (Required is exact version "2.7.6")
-- Found PythonInterp: /usr/bin/python3.4 (found suitable version "3.4", minimum required is "3.4") 
-- Could NOT find PythonLibs (missing:  PYTHON_LIBRARIES PYTHON_INCLUDE_DIRS) (Required is exact version "3.4.0")
-- Found apache ant 1.9.3: /usr/bin/ant
-- Could NOT find Matlab (missing:  MATLAB_MEX_SCRIPT MATLAB_INCLUDE_DIRS MATLAB_ROOT_DIR MATLAB_LIBRARIES MATLAB_LIBRARY_DIRS MATLAB_MEXEXT MATLAB_ARCH MATLAB_BIN) 
-- VTK is not found. Please set -DVTK_DIR in CMake to VTK build directory, or to VTK install subdirectory with VTKConfig.cmake file
--   videoio: Removing WinRT API headers by default
-- 
-- General configuration for OpenCV 3.0.0 =====================================
--   Version control:               unknown
-- 
--   Platform:
--     Host:                        Linux 3.19.0-30-generic i686
--     CMake:                       2.8.12.2
--     CMake generator:             Unix Makefiles
--     CMake build tool:            /usr/bin/make
--     Configuration:               Release
-- 
--   C/C++:
--     Built as dynamic libs?:      NO
--     C++ Compiler:                /usr/bin/c++  (ver 4.8.4)
--     C++ flags (Release):         -fPIC   -fsigned-char -W -Wall -Werror=return-type -Werror=non-virtual-dtor -Werror=address -Werror=sequence-point -Wformat -Werror=format-security -Wmissing-declarations -Wundef -Winit-self -Wpointer-arith -Wshadow -Wsign-promo -Wno-narrowing -Wno-delete-non-virtual-dtor -fdiagnostics-show-option -pthread -march=i686 -fomit-frame-pointer -msse -msse2 -mno-avx -msse3 -mno-ssse3 -mno-sse4.1 -mno-sse4.2 -mfpmath=sse -ffunction-sections -fvisibility=hidden -fvisibility-inlines-hidden -O2 -DNDEBUG  -DNDEBUG
--     C++ flags (Debug):           -fPIC   -fsigned-char -W -Wall -Werror=return-type -Werror=non-virtual-dtor -Werror=address -Werror=sequence-point -Wformat -Werror=format-security -Wmissing-declarations -Wundef -Winit-self -Wpointer-arith -Wshadow -Wsign-promo -Wno-narrowing -Wno-delete-non-virtual-dtor -fdiagnostics-show-option -pthread -march=i686 -fomit-frame-pointer -msse -msse2 -mno-avx -msse3 -mno-ssse3 -mno-sse4.1 -mno-sse4.2 -mfpmath=sse -ffunction-sections -fvisibility=hidden -fvisibility-inlines-hidden -g  -O0 -DDEBUG -D_DEBUG
--     C Compiler:                  /usr/bin/cc
--     C flags (Release):           -fPIC   -fsigned-char -W -Wall -Werror=return-type -Werror=non-virtual-dtor -Werror=address -Werror=sequence-point -Wformat -Werror=format-security -Wmissing-declarations -Wmissing-prototypes -Wstrict-prototypes -Wundef -Winit-self -Wpointer-arith -Wshadow -Wno-narrowing -fdiagnostics-show-option -pthread -march=i686 -fomit-frame-pointer -msse -msse2 -mno-avx -msse3 -mno-ssse3 -mno-sse4.1 -mno-sse4.2 -mfpmath=sse -ffunction-sections -fvisibility=hidden -O2 -DNDEBUG  -DNDEBUG
--     C flags (Debug):             -fPIC   -fsigned-char -W -Wall -Werror=return-type -Werror=non-virtual-dtor -Werror=address -Werror=sequence-point -Wformat -Werror=format-security -Wmissing-declarations -Wmissing-prototypes -Wstrict-prototypes -Wundef -Winit-self -Wpointer-arith -Wshadow -Wno-narrowing -fdiagnostics-show-option -pthread -march=i686 -fomit-frame-pointer -msse -msse2 -mno-avx -msse3 -mno-ssse3 -mno-sse4.1 -mno-sse4.2 -mfpmath=sse -ffunction-sections -fvisibility=hidden -g  -O0 -DDEBUG -D_DEBUG
--     Linker flags (Release):      
--     Linker flags (Debug):        
--     Precompiled headers:         YES
--     Extra dependencies:          stdc++ dl m pthread rt
--     3rdparty dependencies:       zlib libjpeg libwebp libpng libtiff libjasper IlmImf ippicv
-- 
--   OpenCV modules:
--     To be built:                 hal core flann imgproc ml photo video imgcodecs shape videoio highgui objdetect superres ts features2d calib3d java stitching videostab
--     Disabled:                    world
--     Disabled by dependency:      -
--     Unavailable:                 cudaarithm cudabgsegm cudacodec cudafeatures2d cudafilters cudaimgproc cudalegacy cudaobjdetect cudaoptflow cudastereo cudawarping cudev python2 python3 viz
-- 
--   GUI: 
--     QT:                          NO
--     GTK+:                        NO
--     GThread :                    NO
--     GtkGlExt:                    NO
--     OpenGL support:              NO
--     VTK support:                 NO
-- 
--   Media I/O: 
--     ZLib:                        zlib (ver 1.2.8)
--     JPEG:                        libjpeg (ver 90)
--     WEBP:                        build (ver 0.3.1)
--     PNG:                         build (ver 1.5.12)
--     TIFF:                        build (ver 42 - 4.0.2)
--     JPEG 2000:                   build (ver 1.900.1)
--     OpenEXR:                     build (ver 1.7.1)
--     GDAL:                        NO
-- 
--   Video I/O:
--     DC1394 1.x:                  NO
--     DC1394 2.x:                  NO
--     FFMPEG:                      NO
--       codec:                     NO
--       format:                    NO
--       util:                      NO
--       swscale:                   NO
--       resample:                  NO
--       gentoo-style:              NO
--     GStreamer:                   NO
--     OpenNI:                      NO
--     OpenNI PrimeSensor Modules:  NO
--     OpenNI2:                     NO
--     PvAPI:                       NO
--     GigEVisionSDK:               NO
--     UniCap:                      NO
--     UniCap ucil:                 NO
--     V4L/V4L2:                    NO/YES
--     XIMEA:                       NO
--     Xine:                        NO
--     gPhoto2:                     NO
-- 
--   Other third-party libraries:
--     Use IPP:                     8.2.1 [8.2.1]
--          at:                     /mnt/hgfs/opencv/opencv/opencv-3.0.0/3rdparty/ippicv/unpack/ippicv_lnx
--     Use IPP Async:               NO
--     Use Eigen:                   NO
--     Use TBB:                     NO
--     Use OpenMP:                  NO
--     Use GCD                      NO
--     Use Concurrency              NO
--     Use C=:                      NO
--     Use pthreads for parallel for:
--                                  YES
--     Use Cuda:                    NO
--     Use OpenCL:                  YES
-- 
--   OpenCL:
--     Version:                     dynamic
--     Include path:                /mnt/hgfs/opencv/opencv/opencv-3.0.0/3rdparty/include/opencl/1.2
--     Use AMDFFT:                  NO
--     Use AMDBLAS:                 NO
-- 
--   Python 2:
--     Interpreter:                 /usr/bin/python2.7 (ver 2.7.6)
-- 
--   Python 3:
--     Interpreter:                 /usr/bin/python3.4 (ver 3.4)
-- 
--   Python (for build):            /usr/bin/python2.7
-- 
--   Java:
--     ant:                         /usr/bin/ant (ver 1.9.3)
--     JNI:                         /usr/lib/jvm/default-java/include /usr/lib/jvm/default-java/include /usr/lib/jvm/default-java/include
--     Java wrappers:               YES
--     Java tests:                  YES
-- 
--   Matlab:
--     mex:                         NO
-- 
--   Documentation:
--     Doxygen:                     NO
--     PlantUML:                    NO
-- 
--   Tests and samples:
--     Tests:                       YES
--     Performance tests:           YES
--     C/C++ Examples:              NO
-- 
--   Install path:                  /usr/local
-- 
--   cvconfig.h is in:              /mnt/hgfs/opencv/opencv/opencv-3.0.0/target/linux/x86_32
-- -----------------------------------------------------------------
-- 
-- Configuring done
-- Generating done
-- Build files have been written to: /mnt/hgfs/opencv/opencv/opencv-3.0.0/target/linux/x86_32
