-- Detected version of GNU GCC: 48 (408)
-- Could NOT find ZLIB (missing:  ZLIB_LIBRARY ZLIB_INCLUDE_DIR) 
-- Could NOT find TIFF (missing:  TIFF_LIBRARY TIFF_INCLUDE_DIR) 
-- Could NOT find JPEG (missing:  JPEG_LIBRARY JPEG_INCLUDE_DIR) 
-- Could NOT find Jasper (missing:  JASPER_LIBRARIES JASPER_INCLUDE_DIR) 
-- Could NOT find PNG (missing:  PNG_LIBRARY PNG_PNG_INCLUDE_DIR) 
-- checking for module 'gtk+-2.0'
--   package 'gtk+-2.0' not found
-- checking for module 'gthread-2.0'
--   package 'gthread-2.0' not found
-- checking for module 'gstreamer-base-1.0'
--   package 'gstreamer-base-1.0' not found
-- checking for module 'gstreamer-video-1.0'
--   package 'gstreamer-video-1.0' not found
-- checking for module 'gstreamer-app-1.0'
--   package 'gstreamer-app-1.0' not found
-- checking for module 'gstreamer-riff-1.0'
--   package 'gstreamer-riff-1.0' not found
-- checking for module 'gstreamer-pbutils-1.0'
--   package 'gstreamer-pbutils-1.0' not found
-- checking for module 'gstreamer-base-0.10'
--   package 'gstreamer-base-0.10' not found
-- checking for module 'gstreamer-video-0.10'
--   package 'gstreamer-video-0.10' not found
-- checking for module 'gstreamer-app-0.10'
--   package 'gstreamer-app-0.10' not found
-- checking for module 'gstreamer-riff-0.10'
--   package 'gstreamer-riff-0.10' not found
-- checking for module 'gstreamer-pbutils-0.10'
--   package 'gstreamer-pbutils-0.10' not found
-- checking for module 'libdc1394-2'
--   package 'libdc1394-2' not found
-- checking for module 'libdc1394'
--   package 'libdc1394' not found
-- checking for module 'libv4l1'
--   package 'libv4l1' not found
-- checking for module 'libv4l2'
--   package 'libv4l2' not found
-- Looking for linux/videodev.h
-- Looking for linux/videodev.h - not found
-- Looking for linux/videodev2.h
-- Looking for linux/videodev2.h - found
-- Looking for sys/videoio.h
-- Looking for sys/videoio.h - not found
-- checking for module 'libavcodec'
--   package 'libavcodec' not found
-- checking for module 'libavformat'
--   package 'libavformat' not found
-- checking for module 'libavutil'
--   package 'libavutil' not found
-- checking for module 'libswscale'
--   package 'libswscale' not found
-- Looking for libavformat/avformat.h
-- Looking for libavformat/avformat.h - not found
-- Looking for ffmpeg/avformat.h
-- Looking for ffmpeg/avformat.h - not found
-- Could NOT find PythonLibs (missing:  PYTHON_LIBRARIES PYTHON_INCLUDE_DIRS) (Required is exact version "2.7.6")
-- Found apache ant 1.9.3: /usr/bin/ant
-- 
-- General configuration for OpenCV 2.4.11 =====================================
--   Version control:               unknown
-- 
--   Platform:
--     Host:                        Linux 3.19.0-30-generic x86_64
--     CMake:                       2.8.12.2
--     CMake generator:             Unix Makefiles
--     CMake build tool:            /usr/bin/make
--     Configuration:               Release
-- 
--   C/C++:
--     Built as dynamic libs?:      NO
--     C++ Compiler:                /usr/bin/c++  (ver 4.8.4)
--     C++ flags (Release):         -fPIC   -fsigned-char -W -Wall -Werror=return-type -Werror=address -Werror=sequence-point -Wformat -Werror=format-security -Wmissing-declarations -Wundef -Winit-self -Wpointer-arith -Wshadow -Wsign-promo -Wno-narrowing -Wno-delete-non-virtual-dtor -fdiagnostics-show-option -Wno-long-long -pthread -fomit-frame-pointer -msse -msse2 -msse3 -ffunction-sections -O3 -DNDEBUG  -DNDEBUG
--     C++ flags (Debug):           -fPIC   -fsigned-char -W -Wall -Werror=return-type -Werror=address -Werror=sequence-point -Wformat -Werror=format-security -Wmissing-declarations -Wundef -Winit-self -Wpointer-arith -Wshadow -Wsign-promo -Wno-narrowing -Wno-delete-non-virtual-dtor -fdiagnostics-show-option -Wno-long-long -pthread -fomit-frame-pointer -msse -msse2 -msse3 -ffunction-sections -g  -O0 -DDEBUG -D_DEBUG
--     C Compiler:                  /usr/bin/cc
--     C flags (Release):           -fPIC   -fsigned-char -W -Wall -Werror=return-type -Werror=address -Werror=sequence-point -Wformat -Werror=format-security -Wmissing-declarations -Wmissing-prototypes -Wstrict-prototypes -Wundef -Winit-self -Wpointer-arith -Wshadow -Wno-narrowing -fdiagnostics-show-option -Wno-long-long -pthread -fomit-frame-pointer -msse -msse2 -msse3 -ffunction-sections -O3 -DNDEBUG  -DNDEBUG
--     C flags (Debug):             -fPIC   -fsigned-char -W -Wall -Werror=return-type -Werror=address -Werror=sequence-point -Wformat -Werror=format-security -Wmissing-declarations -Wmissing-prototypes -Wstrict-prototypes -Wundef -Winit-self -Wpointer-arith -Wshadow -Wno-narrowing -fdiagnostics-show-option -Wno-long-long -pthread -fomit-frame-pointer -msse -msse2 -msse3 -ffunction-sections -g  -O0 -DDEBUG -D_DEBUG
--     Linker flags (Release):      
--     Linker flags (Debug):        
--     Precompiled headers:         YES
-- 
--   OpenCV modules:
--     To be built:                 core flann imgproc highgui features2d calib3d ml video legacy objdetect photo gpu ocl nonfree contrib java stitching superres ts videostab
--     Disabled:                    world
--     Disabled by dependency:      -
--     Unavailable:                 androidcamera dynamicuda python viz
-- 
--   GUI: 
--     QT:                          NO
--     GTK+ 2.x:                    NO
--     GThread :                    NO
--     GtkGlExt:                    NO
--     OpenGL support:              NO
--     VTK support:                 NO
-- 
--   Media I/O: 
--     ZLib:                        zlib (ver 1.2.7)
--     JPEG:                        libjpeg (ver 62)
--     PNG:                         build (ver 1.5.12)
--     TIFF:                        build (ver 42 - 4.0.2)
--     JPEG 2000:                   build (ver 1.900.1)
--     OpenEXR:                     build (ver 1.7.1)
-- 
--   Video I/O:
--     DC1394 1.x:                  NO
--     DC1394 2.x:                  NO
--     FFMPEG:                      NO
--       codec:                     NO
--       format:                    NO
--       util:                      NO
--       swscale:                   NO
--       gentoo-style:              NO
--     GStreamer:                   NO
--     OpenNI:                      NO
--     OpenNI PrimeSensor Modules:  NO
--     PvAPI:                       NO
--     GigEVisionSDK:               NO
--     UniCap:                      NO
--     UniCap ucil:                 NO
--     V4L/V4L2:                    NO/YES
--     XIMEA:                       NO
--     Xine:                        NO
-- 
--   Other third-party libraries:
--     Use IPP:                     NO
--     Use Eigen:                   NO
--     Use TBB:                     NO
--     Use OpenMP:                  NO
--     Use GCD                      NO
--     Use Concurrency              NO
--     Use C=:                      NO
--     Use Cuda:                    NO
--     Use OpenCL:                  YES
-- 
--   OpenCL:
--     Version:                     dynamic
--     Include path:                /home/jason/opencv/opencv-2.4.11/3rdparty/include/opencl/1.2
--     Use AMD FFT:                 NO
--     Use AMD BLAS:                NO
-- 
--   Python:
--     Interpreter:                 /usr/bin/python2 (ver 2.7.6)
-- 
--   Java:
--     ant:                         /usr/bin/ant (ver 1.9.3)
--     JNI:                         /home/jason/jdk1.7.0_80/include /home/jason/jdk1.7.0_80/include/linux /home/jason/jdk1.7.0_80/include
--     Java tests:                  YES
-- 
--   Documentation:
--     Build Documentation:         NO
--     Sphinx:                      NO
--     PdfLaTeX compiler:           NO
--     Doxygen:                     NO
-- 
--   Tests and samples:
--     Tests:                       YES
--     Performance tests:           YES
--     C/C++ Examples:              NO
-- 
--   Install path:                  /usr/local
-- 
--   cvconfig.h is in:              /home/jason/opencv/opencv-2.4.11/target
-- -----------------------------------------------------------------
-- 
-- Configuring done
-- Generating done
-- Build files have been written to: /home/jason/opencv/opencv-2.4.11/target
